0 info it worked if it ends with ok
1 verbose cli [ 'node', '/usr/bin/npm', 'install', 'node-cron' ]
2 info using npm@1.4.28
3 info using node@v0.10.38
4 verbose cache add [ 'node-cron', null ]
5 verbose cache add name=undefined spec="node-cron" args=["node-cron",null]
6 verbose parsed url { protocol: null,
6 verbose parsed url   slashes: null,
6 verbose parsed url   auth: null,
6 verbose parsed url   host: null,
6 verbose parsed url   port: null,
6 verbose parsed url   hostname: null,
6 verbose parsed url   hash: null,
6 verbose parsed url   search: null,
6 verbose parsed url   query: null,
6 verbose parsed url   pathname: 'node-cron',
6 verbose parsed url   path: 'node-cron',
6 verbose parsed url   href: 'node-cron' }
7 silly lockFile 7f071c36-node-cron node-cron
8 verbose lock node-cron /home/pi/.npm/7f071c36-node-cron.lock
9 silly lockFile 7f071c36-node-cron node-cron
10 silly lockFile 7f071c36-node-cron node-cron
11 verbose addNamed [ 'node-cron', '' ]
12 verbose addNamed [ null, '*' ]
13 silly lockFile 4b1aaa17-node-cron node-cron@
14 verbose lock node-cron@ /home/pi/.npm/4b1aaa17-node-cron.lock
15 silly addNameRange { name: 'node-cron', range: '*', hasData: false }
16 verbose request where is /node-cron
17 verbose request registry https://registry.npmjs.org/
18 verbose request id 6c202da2c0ac0da4
19 verbose url raw /node-cron
20 verbose url resolving [ 'https://registry.npmjs.org/', './node-cron' ]
21 verbose url resolved https://registry.npmjs.org/node-cron
22 verbose request where is https://registry.npmjs.org/node-cron
23 info trying registry request attempt 1 at 09:00:04
24 http GET https://registry.npmjs.org/node-cron
25 http 404 https://registry.npmjs.org/node-cron
26 silly registry.get cb [ 404,
26 silly registry.get   { 'content-type': 'application/json',
26 silly registry.get     'cache-control': 'max-age=0',
26 silly registry.get     'content-length': '2',
26 silly registry.get     'accept-ranges': 'bytes',
26 silly registry.get     date: 'Sun, 27 Sep 2015 00:00:05 GMT',
26 silly registry.get     via: '1.1 varnish',
26 silly registry.get     age: '0',
26 silly registry.get     connection: 'keep-alive',
26 silly registry.get     'x-served-by': 'cache-nrt6129-NRT',
26 silly registry.get     'x-cache': 'MISS',
26 silly registry.get     'x-cache-hits': '0',
26 silly registry.get     'x-timer': 'S1443312004.715803,VS0,VE511' } ]
27 silly lockFile 4b1aaa17-node-cron node-cron@
28 silly lockFile 4b1aaa17-node-cron node-cron@
29 error 404 Not Found
29 error 404
29 error 404 'node-cron' is not in the npm registry.
29 error 404 You should bug the author to publish it
29 error 404
29 error 404 Maybe try 'npm search cron'
29 error 404
29 error 404 Note that you can also install from a
29 error 404 tarball, folder, or http url, or git url.
30 error System Linux 3.10.17-poky-edison+
31 error command "node" "/usr/bin/npm" "install" "node-cron"
32 error cwd /home/pi/Node/js-xls
33 error node -v v0.10.38
34 error npm -v 1.4.28
35 error code E404
36 verbose exit [ 1, true ]
