0 info it worked if it ends with ok
1 verbose cli [ 'node', '/usr/bin/npm', 'install', 'start-stop-daemon' ]
2 info using npm@1.4.28
3 info using node@v0.10.38
4 warn package.json AirConCtl@1.0.0 No description
5 warn package.json AirConCtl@1.0.0 No repository field.
6 warn package.json AirConCtl@1.0.0 No README data
7 verbose readDependencies using package.json deps
8 verbose cache add [ 'start-stop-daemon', null ]
9 verbose cache add name=undefined spec="start-stop-daemon" args=["start-stop-daemon",null]
10 verbose parsed url { protocol: null,
10 verbose parsed url   slashes: null,
10 verbose parsed url   auth: null,
10 verbose parsed url   host: null,
10 verbose parsed url   port: null,
10 verbose parsed url   hostname: null,
10 verbose parsed url   hash: null,
10 verbose parsed url   search: null,
10 verbose parsed url   query: null,
10 verbose parsed url   pathname: 'start-stop-daemon',
10 verbose parsed url   path: 'start-stop-daemon',
10 verbose parsed url   href: 'start-stop-daemon' }
11 silly lockFile 0ef4f1f4-start-stop-daemon start-stop-daemon
12 verbose lock start-stop-daemon /home/pi/.npm/0ef4f1f4-start-stop-daemon.lock
13 silly lockFile 0ef4f1f4-start-stop-daemon start-stop-daemon
14 silly lockFile 0ef4f1f4-start-stop-daemon start-stop-daemon
15 verbose addNamed [ 'start-stop-daemon', '' ]
16 verbose addNamed [ null, '*' ]
17 silly lockFile f499b2e1-start-stop-daemon start-stop-daemon@
18 verbose lock start-stop-daemon@ /home/pi/.npm/f499b2e1-start-stop-daemon.lock
19 silly addNameRange { name: 'start-stop-daemon', range: '*', hasData: false }
20 verbose request where is /start-stop-daemon
21 verbose request registry https://registry.npmjs.org/
22 verbose request id 494ae4a00569bced
23 verbose url raw /start-stop-daemon
24 verbose url resolving [ 'https://registry.npmjs.org/', './start-stop-daemon' ]
25 verbose url resolved https://registry.npmjs.org/start-stop-daemon
26 verbose request where is https://registry.npmjs.org/start-stop-daemon
27 info trying registry request attempt 1 at 17:28:42
28 verbose etag "C9485YJLERKY9TNHZIUS6CW1D"
29 http GET https://registry.npmjs.org/start-stop-daemon
30 http 200 https://registry.npmjs.org/start-stop-daemon
31 silly registry.get cb [ 200,
31 silly registry.get   { server: 'CouchDB/1.5.0 (Erlang OTP/R16B03)',
31 silly registry.get     etag: '"8G2DSGQ68OIN5CJV3DGP67HHJ"',
31 silly registry.get     'content-type': 'application/json',
31 silly registry.get     'cache-control': 'max-age=60',
31 silly registry.get     'content-length': '13910',
31 silly registry.get     'accept-ranges': 'bytes',
31 silly registry.get     date: 'Fri, 07 Aug 2015 08:28:43 GMT',
31 silly registry.get     via: '1.1 varnish',
31 silly registry.get     age: '0',
31 silly registry.get     connection: 'keep-alive',
31 silly registry.get     'x-served-by': 'cache-nrt6131-NRT',
31 silly registry.get     'x-cache': 'HIT',
31 silly registry.get     'x-cache-hits': '1',
31 silly registry.get     'x-timer': 'S1438936122.904073,VS0,VE765',
31 silly registry.get     vary: 'Accept' } ]
32 silly addNameRange number 2 { name: 'start-stop-daemon', range: '*', hasData: true }
33 silly addNameRange versions [ 'start-stop-daemon',
33 silly addNameRange   [ '0.0.1',
33 silly addNameRange     '0.0.2',
33 silly addNameRange     '0.0.3',
33 silly addNameRange     '0.0.4',
33 silly addNameRange     '0.0.5',
33 silly addNameRange     '0.0.6',
33 silly addNameRange     '0.1.0',
33 silly addNameRange     '0.1.1' ] ]
34 verbose addNamed [ 'start-stop-daemon', '0.1.1' ]
35 verbose addNamed [ '0.1.1', '0.1.1' ]
36 silly lockFile 14f982a7-start-stop-daemon-0-1-1 start-stop-daemon@0.1.1
37 verbose lock start-stop-daemon@0.1.1 /home/pi/.npm/14f982a7-start-stop-daemon-0-1-1.lock
38 silly lockFile 77efbac6-emon-start-stop-daemon-0-1-1-tgz https://registry.npmjs.org/start-stop-daemon/-/start-stop-daemon-0.1.1.tgz
39 verbose lock https://registry.npmjs.org/start-stop-daemon/-/start-stop-daemon-0.1.1.tgz /home/pi/.npm/77efbac6-emon-start-stop-daemon-0-1-1-tgz.lock
40 verbose addRemoteTarball [ 'https://registry.npmjs.org/start-stop-daemon/-/start-stop-daemon-0.1.1.tgz',
40 verbose addRemoteTarball   'e12ab798cc6123657c04079cd2724f9e84da6ee2' ]
41 info retry fetch attempt 1 at 17:28:43
42 verbose fetch to= /tmp/npm-17348-OyHzEcAo/registry.npmjs.org/start-stop-daemon/-/start-stop-daemon-0.1.1.tgz
43 http GET https://registry.npmjs.org/start-stop-daemon/-/start-stop-daemon-0.1.1.tgz
44 http 200 https://registry.npmjs.org/start-stop-daemon/-/start-stop-daemon-0.1.1.tgz
45 silly lockFile 77efbac6-emon-start-stop-daemon-0-1-1-tgz https://registry.npmjs.org/start-stop-daemon/-/start-stop-daemon-0.1.1.tgz
46 silly lockFile 77efbac6-emon-start-stop-daemon-0-1-1-tgz https://registry.npmjs.org/start-stop-daemon/-/start-stop-daemon-0.1.1.tgz
47 silly lockFile 14f982a7-start-stop-daemon-0-1-1 start-stop-daemon@0.1.1
48 silly lockFile 14f982a7-start-stop-daemon-0-1-1 start-stop-daemon@0.1.1
49 silly lockFile f499b2e1-start-stop-daemon start-stop-daemon@
50 silly lockFile f499b2e1-start-stop-daemon start-stop-daemon@
51 error Error: EACCES, mkdir '/home/pi/.npm/start-stop-daemon/0.1.1'
51 error  { [Error: EACCES, mkdir '/home/pi/.npm/start-stop-daemon/0.1.1']
51 error   errno: 3,
51 error   code: 'EACCES',
51 error   path: '/home/pi/.npm/start-stop-daemon/0.1.1',
51 error   parent: 'AirConCtl' }
52 error Please try running this command again as root/Administrator.
53 error System Linux 3.10.17-poky-edison+
54 error command "node" "/usr/bin/npm" "install" "start-stop-daemon"
55 error cwd /home/pi/Node/AirConCtl
56 error node -v v0.10.38
57 error npm -v 1.4.28
58 error path /home/pi/.npm/start-stop-daemon/0.1.1
59 error code EACCES
60 error errno 3
61 error stack Error: EACCES, mkdir '/home/pi/.npm/start-stop-daemon/0.1.1'
62 verbose exit [ 3, true ]
